<?xml version="1.0" encoding="UTF-8"?>
<testsuite xmlns:xsi="http://www.w3.org/2001/XMLSchema-instance" xsi:noNamespaceSchemaLocation="https://maven.apache.org/surefire/maven-surefire-plugin/xsd/surefire-test-report.xsd" name="chatclient.AppTest" time="0.665" tests="3" errors="0" skipped="0" failures="0">
  <properties>
    <property name="java.specification.version" value="19"/>
    <property name="sun.cpu.isalist" value="amd64"/>
    <property name="sun.jnu.encoding" value="Cp1252"/>
    <property name="java.class.path" value="c:\Users\mauri\Desktop\OneDrive - Oulun yliopisto\Vuosi 3\Ohjelmointi 4\ChatClient\chatclient\target\test-classes;c:\Users\mauri\Desktop\OneDrive - Oulun yliopisto\Vuosi 3\Ohjelmointi 4\ChatClient\chatclient\target\classes;C:\Users\mauri\.m2\repository\junit\junit\4.11\junit-4.11.jar;C:\Users\mauri\.m2\repository\org\hamcrest\hamcrest-core\1.3\hamcrest-core-1.3.jar;C:\Users\mauri\.m2\repository\org\json\json\20231013\json-20231013.jar;"/>
    <property name="java.vm.vendor" value="Oracle Corporation"/>
    <property name="sun.arch.data.model" value="64"/>
    <property name="user.variant" value=""/>
    <property name="java.vendor.url" value="https://java.oracle.com/"/>
    <property name="user.timezone" value="Europe/Helsinki"/>
    <property name="os.name" value="Windows 11"/>
    <property name="java.vm.specification.version" value="19"/>
    <property name="sun.java.launcher" value="SUN_STANDARD"/>
    <property name="user.country" value="FI"/>
    <property name="sun.boot.library.path" value="C:\Program Files\Java\jdk-19\bin"/>
    <property name="sun.java.command" value="C:\Users\mauri\AppData\Local\Temp\surefire361568416051463187\surefirebooter6276893844464301353.jar C:\Users\mauri\AppData\Local\Temp\surefire361568416051463187 2024-01-10T20-32-46_334-jvmRun1 surefire3693823438910658206tmp surefire_07257923676833913842tmp"/>
    <property name="jdk.debug" value="release"/>
    <property name="surefire.test.class.path" value="c:\Users\mauri\Desktop\OneDrive - Oulun yliopisto\Vuosi 3\Ohjelmointi 4\ChatClient\chatclient\target\test-classes;c:\Users\mauri\Desktop\OneDrive - Oulun yliopisto\Vuosi 3\Ohjelmointi 4\ChatClient\chatclient\target\classes;C:\Users\mauri\.m2\repository\junit\junit\4.11\junit-4.11.jar;C:\Users\mauri\.m2\repository\org\hamcrest\hamcrest-core\1.3\hamcrest-core-1.3.jar;C:\Users\mauri\.m2\repository\org\json\json\20231013\json-20231013.jar;"/>
    <property name="sun.cpu.endian" value="little"/>
    <property name="user.home" value="C:\Users\mauri"/>
    <property name="user.language" value="fi"/>
    <property name="java.specification.vendor" value="Oracle Corporation"/>
    <property name="java.version.date" value="2022-10-18"/>
    <property name="java.home" value="C:\Program Files\Java\jdk-19"/>
    <property name="file.separator" value="\"/>
    <property name="basedir" value="c:\Users\mauri\Desktop\OneDrive - Oulun yliopisto\Vuosi 3\Ohjelmointi 4\ChatClient\chatclient"/>
    <property name="java.vm.compressedOopsMode" value="Zero based"/>
    <property name="line.separator" value="&#10;"/>
    <property name="java.vm.specification.vendor" value="Oracle Corporation"/>
    <property name="java.specification.name" value="Java Platform API Specification"/>
    <property name="surefire.real.class.path" value="C:\Users\mauri\AppData\Local\Temp\surefire361568416051463187\surefirebooter6276893844464301353.jar"/>
    <property name="user.script" value=""/>
    <property name="sun.management.compiler" value="HotSpot 64-Bit Tiered Compilers"/>
    <property name="java.runtime.version" value="19.0.1+10-21"/>
    <property name="user.name" value="mauri"/>
    <property name="stdout.encoding" value="Cp1252"/>
    <property name="path.separator" value=";"/>
    <property name="os.version" value="10.0"/>
    <property name="java.runtime.name" value="Java(TM) SE Runtime Environment"/>
    <property name="file.encoding" value="UTF-8"/>
    <property name="java.vm.name" value="Java HotSpot(TM) 64-Bit Server VM"/>
    <property name="localRepository" value="C:\Users\mauri\.m2\repository"/>
    <property name="java.vendor.url.bug" value="https://bugreport.java.com/bugreport/"/>
    <property name="java.io.tmpdir" value="C:\Users\mauri\AppData\Local\Temp\"/>
    <property name="java.version" value="19.0.1"/>
    <property name="user.dir" value="c:\Users\mauri\Desktop\OneDrive - Oulun yliopisto\Vuosi 3\Ohjelmointi 4\ChatClient\chatclient"/>
    <property name="os.arch" value="amd64"/>
    <property name="java.vm.specification.name" value="Java Virtual Machine Specification"/>
    <property name="sun.os.patch.level" value=""/>
    <property name="native.encoding" value="Cp1252"/>
    <property name="java.library.path" value="C:\Program Files\Java\jdk-19\bin;C:\WINDOWS\Sun\Java\bin;C:\WINDOWS\system32;C:\WINDOWS;C:\Users\mauri\bin;C:\Program Files\Git\mingw64\bin;C:\Program Files\Git\usr\local\bin;C:\Program Files\Git\usr\bin;C:\Program Files\Git\usr\bin;C:\Program Files\Git\mingw64\bin;C:\Program Files\Git\usr\bin;C:\Users\mauri\bin;C:\Program Files\Common Files\Oracle\Java\javapath;C:\Program Files (x86)\Common Files\Intel\Shared Libraries\redist\intel64_win\compiler;C:\WINDOWS\system32;C:\WINDOWS;C:\WINDOWS\System32\Wbem;C:\WINDOWS\System32\WindowsPowerShell\v1.0;C:\WINDOWS\System32\OpenSSH;C:\Program Files\CodeBlocks\MinGW\bin;C:\Program Files\nodejs;C:\Program Files\Microsoft SQL Server\120\Tools\Binn;C:\Program Files\Common Files\Autodesk Shared;C:\Program Files\dotnet;C:\Program Files\Git\cmd;C:\Program Files\Amazon\AWSCLIV2;C:\Users\mauri\AppData\Local\Programs\Python\Launcher;C:\Users\mauri\AppData\Local\Programs\Python\Python310\Scripts;C:\Users\mauri\AppData\Local\Programs\Python\Python310;C:\Program Files\Common Files\Oracle\Java\javapath;C:\Program Files (x86)\Common Files\Intel\Shared Libraries\redist\intel64_win\compiler;C:\WINDOWS\system32;C:\WINDOWS;C:\WINDOWS\System32\Wbem;C:\WINDOWS\System32\WindowsPowerShell\v1.0;C:\WINDOWS\System32\OpenSSH;C:\Program Files\CodeBlocks\MinGW\bin;C:\Program Files\nodejs;C:\Program Files\Git\cmd;C:\Program Files\Amazon\AWSCLIV2;C:\Program Files\Microsoft SQL Server\120\Tools\Binn;C:\Program Files\Common Files\Autodesk Shared;C:\Program Files\dotnet;C:\Users\mauri\AppData\Local\Microsoft\WindowsApps;C:\Users\mauri\AppData\Local\Programs\Microsoft VS Code\bin;C:\Users\mauri\AppData\Roaming\npm;C:\Program Files\heroku\bin;C:\Program Files\Git\usr\bin;C:\Program Files\apache-maven-3.9.6\bin;C:\Program Files\Java\jdk-19;C:\Program Files\selenium\selenium-java;C:\Program Files\Java\jdk-19\bin;C:\Program Files\SQLite;C:\Program Files\apache-maven-3.9.6\bin;C:\Program Files\Git\usr\bin\vendor_perl;C:\Program Files\Git\usr\bin\core_perl;."/>
    <property name="java.vm.info" value="mixed mode, sharing"/>
    <property name="stderr.encoding" value="Cp1252"/>
    <property name="java.vendor" value="Oracle Corporation"/>
    <property name="java.vm.version" value="19.0.1+10-21"/>
    <property name="testMode" value="true"/>
    <property name="sun.io.unicode.encoding" value="UnicodeLittle"/>
    <property name="java.class.version" value="63.0"/>
  </properties>
  <testcase name="shouldAddMessageToMessagePanel" classname="chatclient.AppTest" time="0.562"/>
  <testcase name="shouldRenderUI" classname="chatclient.AppTest" time="0.03"/>
  <testcase name="shouldChangeCurrentNick" classname="chatclient.AppTest" time="0.043"/>
</testsuite>